start....
finished....
start....
2018-07-25 周三 
finished....
start....
2018-07-26 周四 
finished....
start....
2018-07-30 周一 
finished....
start....
2018-07-31 周二 
start....
2018-07-31 周二 
start....
2018-08-01 周三 
finished....
start....
2018-08-02 周四 
finished....
start....
2018-08-02 周四 
finished....
start....
2018-08-02 周四 
finished....
start....
2018-08-02 周四 
finished....
start....
2018-08-03 周五 
finished....
start....
2018-08-06 周一 
finished....
start....
2018-08-07 周二 
finished....
start....
2018-08-08 周三 
finished....
start....
2018-08-09 周四 
finished....
start....
2018-08-10 周五 
finished....
start....
2018-08-13 周一 
finished....
start....
2018-08-14 周二 
finished....
start....
2018-08-15 周三 
finished....
start....
2018-08-16 周四 
finished....
start....
2018-08-17 周五 
finished....
start....
2018-08-20 周一 
finished....
start....
2018-08-21 周二 
finished....
start....
2018-08-21 周二 
finished....
start....
2018-08-21 周二 
finished....
start....
2018-08-22 周三 
finished....
start....
2018-08-23 周四 
finished....
start....
2018-08-24 周五 
finished....
start....
2018-08-27 周一 
finished....
start....
2018-08-29 周三 
start....
2018-08-29 周三 
finished....
start....
2018-08-29 周三 
finished....
start....
2018-08-29 周三 
finished....
start....
2018-08-29 周三 
start....
2018/09/05 周三 
finished....
start....
2018/09/05 周三 
finished....
start....
2018/09/05 周三 
finished....
start....
2018/09/05 周三 
finished....
start....
2018/09/05 周三 
finished....
start....
2018/09/05 周三 
finished....
start....
2018/09/05 周三 
finished....
start....
2018/09/05 周三 
finished....
start....
2018/09/05 周三 
finished....
start....
2018/09/05 周三 
finished....
start....
2018/09/05 周三 
finished....
start....
2018/09/14 周五 
finished....
start....
2018/11/05 周一 
finished....
start....
2018/11/05 周一 
finished....
