start....
2018-08-06 周一 
finished....
start....
2018-08-06 周一 
finished....
start....
2018-08-06 周一 
start....
2018-08-06 周一 
finished....
start....
2018-08-06 周一 
finished....
start....
2018-08-06 周一 
finished....
start....
2018-08-06 周一 
finished....
start....
2018-08-06 周一 
finished....
start....
2018-08-06 周一 
finished....
start....
2018-08-06 周一 
finished....
start....
2018-08-06 周一 
finished....
start....
2018-08-06 周一 
finished....
start....
2018-08-06 周一 
finished....
start....
2018-08-06 周一 
finished....
start....
2018-08-06 周一 
finished....
start....
2018-08-06 周一 
finished....
start....
2018-08-07 周二 
finished....
start....
2018-08-07 周二 
finished....
start....
2018-08-07 周二 
finished....
start....
2018-08-07 周二 
finished....
start....
2018-08-07 周二 
finished....
start....
2018-08-07 周二 
finished....
start....
2018-08-07 周二 
finished....
start....
2018-08-07 周二 
finished....
start....
2018-08-07 周二 
finished....
start....
2018-08-07 周二 
finished....
start....
2018-08-07 周二 
finished....
start....
2018-08-07 周二 
finished....
start....
2018-08-07 周二 
finished....
start....
2018-08-07 周二 
finished....
start....
2018-08-07 周二 
finished....
start....
2018-08-07 周二 
finished....
start....
2018-08-07 周二 
finished....
start....
2018-08-07 周二 
finished....
start....
2018-08-07 周二 
finished....
start....
2018-08-07 周二 
finished....
start....
2018-08-07 周二 
finished....
start....
2018-08-07 周二 
finished....
start....
2018-08-07 周二 
finished....
start....
2018-08-07 周二 
finished....
start....
2018-08-07 周二 
finished....
start....
2018-08-07 周二 
finished....
start....
2018-08-07 周二 
finished....
start....
2018-08-07 周二 
finished....
start....
2018-08-07 周二 
finished....
start....
2018-08-07 周二 
finished....
start....
2018-08-07 周二 
finished....
start....
2018-08-07 周二 
finished....
start....
2018-08-07 周二 
finished....
start....
2018-08-07 周二 
finished....
start....
2018-08-07 周二 
finished....
start....
2018-08-07 周二 
finished....
start....
2018-08-07 周二 
finished....
start....
2018-08-07 周二 
finished....
start....
2018-08-07 周二 
finished....
start....
2018-08-07 周二 
finished....
start....
2018-08-07 周二 
finished....
start....
2018-08-07 周二 
finished....
start....
2018-08-07 周二 
finished....
start....
2018-08-07 周二 
finished....
start....
2018-08-07 周二 
finished....
start....
2018-08-07 周二 
finished....
start....
2018-08-07 周二 
finished....
start....
2018-08-07 周二 
finished....
start....
2018-08-08 周三 
finished....
start....
2018-08-08 周三 
finished....
start....
2018-08-08 周三 
finished....
start....
2018-08-08 周三 
finished....
start....
2018-08-08 周三 
finished....
start....
2018-08-08 周三 
finished....
start....
2018-08-08 周三 
finished....
start....
2018-08-08 周三 
finished....
start....
2018-08-08 周三 
finished....
start....
2018-08-08 周三 
finished....
start....
2018-08-08 周三 
finished....
start....
2018-08-08 周三 
finished....
start....
2018-08-08 周三 
finished....
start....
2018-08-08 周三 
finished....
start....
2018-08-08 周三 
finished....
start....
2018-08-08 周三 
finished....
start....
2018-08-08 周三 
