start....
2018-07-13 周五 
finished....
start....
2018-07-16 周一 
finished....
start....
2018-07-16 周一 
finished....
start....
2018-07-16 周一 
finished....
start....
2018-07-17 周二 
finished....
start....
2018-07-18 周三 
start....
2018-07-18 周三 
start....
2018-07-18 周三 
finished....
start....
2018-07-19 周四 
finished....
start....
2018-07-20 周五 
finished....
start....
2018-07-23 周一 
finished....
start....
2018-07-24 周二 
start....
2018-07-24 周二 
start....
2018-07-24 周二 
finished....

start....
2018-07-25 周三 
finished....
start....
2018-07-26 周四 
finished....
start....
2018-07-27 周五 
finished....
start....
2018-07-30 周一 
finished....
start....
2018-08-01 周三 
start....
2018-08-01 周三 
finished....
start....
2018-08-01 周三 
finished....
start....
2018-08-01 周三 
finished....
start....
2018-08-01 周三 
finished....
start....
2018-08-01 周三 
start....
2018-08-01 周三 
finished....
start....
2018-08-02 周四 
finished....
start....
2018-08-03 周五 
finished....
start....
2018-08-06 周一 
finished....
start....
2018-08-07 周二 
finished....
start....
2018-08-08 周三 
finished....
start....
2018-08-09 周四 
finished....
start....
2018-08-10 周五 
finished....
start....
2018-08-13 周一 
finished....
start....
2018-08-14 周二 
finished....
start....
2018-08-15 周三 
finished....
start....
2018-08-16 周四 
finished....
start....
2018-08-16 周四 
finished....
start....
2018-08-16 周四 
finished....
start....
2018-08-16 周四 
finished....
start....
2018-08-16 周四 
finished....
start....
2018-08-16 周四 
finished....
start....
2018-08-16 周四 
finished....
start....
2018-08-16 周四 
finished....
start....
2018-08-16 周四 
finished....
start....
2018-08-16 周四 
finished....
start....
2018-08-16 周四 
finished....
start....
2018-08-17 周五 
finished....
start....
2018-08-17 周五 
finished....
start....
2018-08-17 周五 
finished....
start....
2018-08-20 周一 
finished....
start....
2018-08-21 周二 
start....
2018-08-21 周二 
finished....
start....
2018-08-21 周二 
finished....
start....
2018-08-21 周二 
finished....
start....
2018-08-21 周二 
finished....
start....
2018-08-21 周二 
finished....
start....
2018-08-22 周三 
finished....
start....
2018-08-23 周四 
finished....
start....
2018-08-24 周五 
finished....
start....
2018-08-27 周一 
finished....
start....
2018-08-29 周三 
finished....
start....
2018-08-29 周三 
start....
2018-08-29 周三 
finished....
start....
2018-08-29 周三 
finished....
start....
2018-08-29 周三 
finished....
start....
2018-08-30 周四 
finished....
start....
2018-08-31 周五 
finished....
start....
2018/09/05 周三 
finished....
start....
2018/09/05 周三 
finished....
start....
2018/09/05 周三 
finished....
start....
2018/09/05 周三 
finished....
start....
2018/09/06 周四 
finished....
start....
2018/09/06 周四 
finished....
start....
2018/09/06 周四 
finished....
start....
2018/09/06 周四 
finished....
start....
2018/09/06 周四 
finished....
start....
2018/09/07 周五 
finished....
start....
2018/09/10 周一 
finished....
start....
2018/09/11 周二 
finished....
start....
2018/09/12 周三 
finished....
start....
2018/09/13 周四 
finished....
start....
2018/09/14 周五 
finished....
start....
2018/09/17 周一 
start....
2018/09/17 周一 
finished....
start....
2018/09/17 周一 
finished....
start....
2018/09/17 周一 
finished....
start....
2018/09/17 周一 
finished....
start....
2018/09/18 周二 
finished....
start....
2018/09/19 周三 
finished....
start....
2018/09/20 周四 
finished....
start....
2018/09/21 周五 
finished....
start....
2018/09/24 周一 
finished....
start....
2018/09/25 周二 
finished....
start....
2018/09/26 周三 
finished....
start....
2018/09/27 周四 
finished....
start....
2018/09/28 周五 
finished....
start....
2018/10/01 周一 
finished....
start....
2018/10/02 周二 
finished....
start....
2018/10/03 周三 
finished....
start....
2018/10/04 周四 
finished....
start....
2018/10/05 周五 
finished....
start....
2018/10/08 周一 
finished....
start....
2018/10/09 周二 
finished....
start....
2018/10/10 周三 
finished....
start....
2018/10/11 周四 
finished....
start....
2018/10/12 周五 
finished....
start....
2018/10/15 周一 
finished....
start....
2018/10/16 周二 
finished....
start....
2018/10/17 周三 
finished....
start....
2018/10/18 周四 
finished....
start....
2018/10/19 周五 
finished....
start....
2018/10/22 周一 
finished....
start....
2018/10/23 周二 
finished....
start....
2018/10/24 周三 
finished....
start....
2018/10/25 周四 
finished....
start....
2018/10/26 周五 
finished....
start....
2018/10/29 周一 
finished....
start....
2018/10/30 周二 
finished....
start....
2018/10/30 周二 
finished....
start....
2018/10/30 周二 
finished....
start....
2018/10/30 周二 
finished....
start....
2018/10/30 周二 
finished....
start....
2018/10/30 周二 
finished....
start....
2018/10/30 周二 
finished....
start....
2018/10/30 周二 
finished....
start....
2018/10/30 周二 
finished....
start....
2018/10/31 周三 
finished....
start....
2018/11/01 周四 
finished....
start....
2018/11/02 周五 
finished....
start....
2018/11/05 周一 
start....
2018/11/05 周一 
finished....
start....
2018/11/05 周一 
finished....
start....
2018/11/05 周一 
finished....
start....
2018/11/05 周一 
finished....
start....
2018/11/05 周一 
finished....
start....
2018/11/05 周一 
finished....
start....
2018/11/05 周一 
finished....
start....
2018/11/05 周一 
finished....
start....
2018/11/05 周一 
finished....
start....
2018/11/05 周一 
finished....
start....
2018/11/06 周二 
finished....
start....
2018/11/06 周二 
finished....
start....
2018/11/06 周二 
finished....
start....
2018/11/07 周三 
finished....
start....
2018/11/08 周四 
finished....
start....
2018/11/09 周五 
finished....
start....
2018/11/12 周一 
finished....
start....
2018/11/12 周一 
finished....
start....
2018/11/12 周一 
finished....
start....
2018/11/13 周二 
finished....
start....
2018/11/14 周三 
finished....
start....
2018/11/15 周四 
finished....
start....
2018/11/16 周五 
finished....
start....
2018/11/19 周一 
finished....
start....
2018/11/20 周二 
finished....
start....
2018/11/21 周三 
finished....
start....
2018/11/22 周四 
finished....
start....
2018/11/22 周四 
finished....
start....
2018/11/22 周四 
finished....
start....
2018/11/22 周四 
finished....
start....
2018/11/22 周四 
finished....
start....
2018/11/22 周四 
finished....
start....
2018/11/22 周四 
finished....
start....
2018/11/22 周四 
finished....
start....
2018/11/22 周四 
finished....
start....
2018/11/22 周四 
finished....
start....
2018/11/22 周四 
finished....
start....
2018/11/22 周四 
finished....
start....
2018/11/22 周四 
finished....
start....
2018/11/22 周四 
finished....
start....
2018/11/22 周四 
finished....
start....
2018/11/22 周四 
finished....
start....
2018/11/23 周五 
finished....
start....
2018/11/26 周一 
finished....
start....
2018/11/27 周二 
finished....
start....
2018/11/28 周三 
finished....
start....
2018/11/29 周四 
finished....
start....
2018/11/30 周五 
finished....
